{
  "stats": {
    "suites": 1,
    "tests": 1,
    "passes": 1,
    "pending": 0,
    "failures": 0,
    "start": "2024-11-04T23:49:24.920Z",
    "end": "2024-11-04T23:49:26.484Z",
    "duration": 1564,
    "testsRegistered": 1,
    "passPercent": 100,
    "pendingPercent": 0,
    "other": 0,
    "hasOther": false,
    "skipped": 0,
    "hasSkipped": false
  },
  "results": [
    {
      "uuid": "1f417e6d-1e32-4c7f-b95b-fd3132c63373",
      "title": "",
      "fullFile": "cypress/e2e/cart/addItemsToCart.cy.js",
      "file": "cypress/e2e/cart/addItemsToCart.cy.js",
      "beforeHooks": [],
      "afterHooks": [],
      "tests": [],
      "suites": [
        {
          "uuid": "3933b46e-183b-491b-8e38-5f20187697f5",
          "title": "Cart",
          "fullFile": "",
          "file": "",
          "beforeHooks": [],
          "afterHooks": [],
          "tests": [
            {
              "title": "adds items to the cart",
              "fullTitle": "Cart adds items to the cart",
              "timedOut": null,
              "duration": 1516,
              "state": "passed",
              "speed": "fast",
              "pass": true,
              "fail": false,
              "pending": false,
              "context": null,
              "code": "inventory.getCartBadge().should('exist');\ninventory.addItemToCart('Sauce Labs Bike Light');\ncy.contains('.inventory_item', 'Sauce Labs Bike Light').within(() => {\n  cy.contains('button', 'Add to cart').should('not.exist');\n  cy.contains('button', 'Remove');\n});\ninventory.getCartBadge().should('have.text', 1).scrollIntoView().should('be.visible');\ninventory.addItemToCart('Sauce Labs Bolt T-Shirt');\ncy.contains('.inventory_item', 'Sauce Labs Bolt T-Shirt').within(() => {\n  cy.contains('button', 'Add to cart').should('not.exist');\n  cy.contains('button', 'Remove');\n});\ninventory.getCartBadge().should('have.text', 2).scrollIntoView().should('be.visible');\ncy.get('.inventory_item:contains(\"Remove\")').should('have.length', 2);",
              "err": {},
              "uuid": "a2787027-38d5-4c01-8533-0865bd4d6598",
              "parentUUID": "3933b46e-183b-491b-8e38-5f20187697f5",
              "isHook": false,
              "skipped": false
            }
          ],
          "suites": [],
          "passes": [
            "a2787027-38d5-4c01-8533-0865bd4d6598"
          ],
          "failures": [],
          "pending": [],
          "skipped": [],
          "duration": 1516,
          "root": false,
          "rootEmpty": false,
          "_timeout": 2000
        }
      ],
      "passes": [],
      "failures": [],
      "pending": [],
      "skipped": [],
      "duration": 0,
      "root": true,
      "rootEmpty": true,
      "_timeout": 2000
    }
  ],
  "meta": {
    "mocha": {
      "version": "7.0.1"
    },
    "mochawesome": {
      "options": {
        "quiet": false,
        "reportFilename": "mochawesome",
        "saveHtml": false,
        "saveJson": true,
        "consoleReporter": "spec",
        "useInlineDiffs": false,
        "code": true
      },
      "version": "7.1.3"
    },
    "marge": {
      "options": {
        "reportDir": "cypress/reports/.jsons",
        "overwrite": false,
        "html": false,
        "json": true
      },
      "version": "6.2.0"
    }
  }
}