{
  "stats": {
    "suites": 0,
    "tests": 1,
    "passes": 1,
    "pending": 0,
    "failures": 0,
    "start": "2024-10-31T03:24:01.926Z",
    "end": "2024-10-31T03:24:03.239Z",
    "duration": 1313,
    "testsRegistered": 1,
    "passPercent": 100,
    "pendingPercent": 0,
    "other": 0,
    "hasOther": false,
    "skipped": 0,
    "hasSkipped": false
  },
  "results": [
    {
      "uuid": "96cccb2f-44cc-4ef4-9e06-9c5d6183cb5b",
      "title": "",
      "fullFile": "cypress/e2e/inventory/prices.cy.js",
      "file": "cypress/e2e/inventory/prices.cy.js",
      "beforeHooks": [],
      "afterHooks": [],
      "tests": [
        {
          "title": "confirms the item with the lowest price (cypress-map)",
          "fullTitle": "confirms the item with the lowest price (cypress-map)",
          "timedOut": null,
          "duration": 1274,
          "state": "passed",
          "speed": "fast",
          "pass": true,
          "fail": false,
          "pending": false,
          "context": null,
          "code": "cy.visit('/');\nlogin.loginStandartUser();\ninventory.getInventoryList().should('be.visible').find('.inventory_item_price').should('have.length.greaterThan', 3).map('innerText') // ['$1.00'. '$2.00', ...]\n.print().mapInvoke('substr', 1) // ['1.00'. '2.00', ...]\n.print().map(Number) // [1.00. 2.00, ...]\n.print().apply(Cypress._.min) // 1.00 (min item in the array)\n.should('equal', 7.99);",
          "err": {},
          "uuid": "a5d8f9d7-15ad-4eb1-b28f-67604a184b39",
          "parentUUID": "96cccb2f-44cc-4ef4-9e06-9c5d6183cb5b",
          "isHook": false,
          "skipped": false
        }
      ],
      "suites": [],
      "passes": [
        "a5d8f9d7-15ad-4eb1-b28f-67604a184b39"
      ],
      "failures": [],
      "pending": [],
      "skipped": [],
      "duration": 1274,
      "root": true,
      "rootEmpty": false,
      "_timeout": 2000
    }
  ],
  "meta": {
    "mocha": {
      "version": "7.0.1"
    },
    "mochawesome": {
      "options": {
        "quiet": false,
        "reportFilename": "mochawesome",
        "saveHtml": false,
        "saveJson": true,
        "consoleReporter": "spec",
        "useInlineDiffs": false,
        "code": true
      },
      "version": "7.1.3"
    },
    "marge": {
      "options": {
        "reportDir": "cypress/reports/.jsons",
        "overwrite": false,
        "html": false,
        "json": true
      },
      "version": "6.2.0"
    }
  }
}