{
  "stats": {
    "suites": 1,
    "tests": 1,
    "passes": 1,
    "pending": 0,
    "failures": 0,
    "start": "2024-11-04T23:49:30.879Z",
    "end": "2024-11-04T23:49:31.932Z",
    "duration": 1053,
    "testsRegistered": 1,
    "passPercent": 100,
    "pendingPercent": 0,
    "other": 0,
    "hasOther": false,
    "skipped": 0,
    "hasSkipped": false
  },
  "results": [
    {
      "uuid": "85e6c46f-e169-4497-865c-f03dd01413a7",
      "title": "",
      "fullFile": "cypress/e2e/cart/emptyCart.cy.js",
      "file": "cypress/e2e/cart/emptyCart.cy.js",
      "beforeHooks": [],
      "afterHooks": [],
      "tests": [],
      "suites": [
        {
          "uuid": "483ac72a-eddd-4d36-a1b2-dbdfb3fc46a3",
          "title": "Empty cart",
          "fullFile": "",
          "file": "",
          "beforeHooks": [],
          "afterHooks": [],
          "tests": [
            {
              "title": "disables the Checkout button",
              "fullTitle": "Empty cart disables the Checkout button",
              "timedOut": null,
              "duration": 1010,
              "state": "passed",
              "speed": "fast",
              "pass": true,
              "fail": false,
              "pending": false,
              "context": null,
              "code": "cy.visit('/');\nlogin.enterStandartUserName().enterPassword();\nlogin.clickLoginButton();\ninventory.getCartBadge().click();\ncy.location(\"pathname\").should(\"equal\", \"/cart.html\");\ncart.getCartItem().should('not.be.exist');",
              "err": {},
              "uuid": "b16b0629-8922-4ee3-917c-1bfa5f0979d2",
              "parentUUID": "483ac72a-eddd-4d36-a1b2-dbdfb3fc46a3",
              "isHook": false,
              "skipped": false
            }
          ],
          "suites": [],
          "passes": [
            "b16b0629-8922-4ee3-917c-1bfa5f0979d2"
          ],
          "failures": [],
          "pending": [],
          "skipped": [],
          "duration": 1010,
          "root": false,
          "rootEmpty": false,
          "_timeout": 2000
        }
      ],
      "passes": [],
      "failures": [],
      "pending": [],
      "skipped": [],
      "duration": 0,
      "root": true,
      "rootEmpty": true,
      "_timeout": 2000
    }
  ],
  "meta": {
    "mocha": {
      "version": "7.0.1"
    },
    "mochawesome": {
      "options": {
        "quiet": false,
        "reportFilename": "mochawesome",
        "saveHtml": false,
        "saveJson": true,
        "consoleReporter": "spec",
        "useInlineDiffs": false,
        "code": true
      },
      "version": "7.1.3"
    },
    "marge": {
      "options": {
        "reportDir": "cypress/reports/.jsons",
        "overwrite": false,
        "html": false,
        "json": true
      },
      "version": "6.2.0"
    }
  }
}